2026.02.15 01:14:15 INFO  Started: Metals version 1.6.5 in folders '/Users/mounir/Desktop/projet_big_data_cytech_25' for client Visual Studio Code 1.106.3.
2026.02.15 01:14:15 INFO  Memory monitor started
2026.02.15 01:14:15 WARN  Using H2 2.4.240 which is newer than the version Flyway has been verified with. The latest verified version of H2 is 2.3.232.
2026.02.15 01:14:15 INFO  no build target found for /Users/mounir/Desktop/projet_big_data_cytech_25/ex01_data_retrieval/src/main/scala/fr/cytech/integration/Main.scala. Using presentation compiler with project's scala-library version: 3.3.7
Feb 15, 2026 1:14:18 AM org.eclipse.lsp4j.jsonrpc.RemoteEndpoint handleCancellation
WARNING: Unmatched cancel notification for request id 2
Feb 15, 2026 1:14:18 AM org.eclipse.lsp4j.jsonrpc.RemoteEndpoint handleCancellation
WARNING: Unmatched cancel notification for request id 1
2026.02.15 01:14:18 INFO  no build target found for /Users/mounir/Desktop/projet_big_data_cytech_25/ex01_data_retrieval/src/main/scala/fr/cytech/integration/Main.scala. Using presentation compiler with project's scala-library version: 3.3.7
2026.02.15 01:14:18 INFO  no build target found for /Users/mounir/Desktop/projet_big_data_cytech_25/ex01_data_retrieval/src/main/scala/fr/cytech/integration/Main.scala. Using presentation compiler with project's scala-library version: 3.3.7
2026.02.15 01:14:18 INFO  no build target found for /Users/mounir/Desktop/projet_big_data_cytech_25/ex01_data_retrieval/src/main/scala/fr/cytech/integration/Main.scala. Using presentation compiler with project's scala-library version: 3.3.7
Feb 15, 2026 1:14:18 AM org.eclipse.lsp4j.jsonrpc.RemoteEndpoint handleCancellation
WARNING: Unmatched cancel notification for request id 7
2026.02.15 01:14:18 INFO  no build target found for /Users/mounir/Desktop/projet_big_data_cytech_25/ex01_data_retrieval/src/main/scala/fr/cytech/integration/Main.scala. Using presentation compiler with project's scala-library version: 3.3.7
2026.02.15 01:14:19 INFO  no build target found for /Users/mounir/Desktop/projet_big_data_cytech_25/ex01_data_retrieval/src/main/scala/fr/cytech/integration/Main.scala. Using presentation compiler with project's scala-library version: 3.3.7
2026.02.15 01:14:18 INFO  no build target found for /Users/mounir/Desktop/projet_big_data_cytech_25/ex01_data_retrieval/src/main/scala/fr/cytech/integration/Main.scala. Using presentation compiler with project's scala-library version: 3.3.7
2026.02.15 01:14:19 INFO  no build target found for /Users/mounir/Desktop/projet_big_data_cytech_25/ex01_data_retrieval/src/main/scala/fr/cytech/integration/Main.scala. Using presentation compiler with project's scala-library version: 3.3.7
2026.02.15 01:14:19 INFO  no build target found for /Users/mounir/Desktop/projet_big_data_cytech_25/ex01_data_retrieval/src/main/scala/fr/cytech/integration/Main.scala. Using presentation compiler with project's scala-library version: 3.3.7
2026.02.15 01:14:19 INFO  no build target found for /Users/mounir/Desktop/projet_big_data_cytech_25/ex01_data_retrieval/src/main/scala/fr/cytech/integration/Main.scala. Using presentation compiler with project's scala-library version: 3.3.7
2026.02.15 01:14:21 INFO  no build target found for /Users/mounir/Desktop/projet_big_data_cytech_25/ex01_data_retrieval/src/main/scala/fr/cytech/integration/Main.scala. Using presentation compiler with project's scala-library version: 3.3.7
2026.02.15 01:14:22 INFO  no build target found for /Users/mounir/Desktop/projet_big_data_cytech_25/ex01_data_retrieval/src/main/scala/fr/cytech/integration/Main.scala. Using presentation compiler with project's scala-library version: 3.3.7
2026.02.15 01:14:22 INFO  no build target found for /Users/mounir/Desktop/projet_big_data_cytech_25/ex01_data_retrieval/src/main/scala/fr/cytech/integration/Main.scala. Using presentation compiler with project's scala-library version: 3.3.7
2026.02.15 01:14:22 INFO  no build target found for /Users/mounir/Desktop/projet_big_data_cytech_25/ex01_data_retrieval/src/main/scala/fr/cytech/integration/Main.scala. Using presentation compiler with project's scala-library version: 3.3.7
2026.02.15 01:14:22 WARN  no build target for: /Users/mounir/Desktop/projet_big_data_cytech_25/ex01_data_retrieval/src/main/scala/fr/cytech/integration/Main.scala
2026.02.15 01:14:22 INFO  no build target found for /Users/mounir/Desktop/projet_big_data_cytech_25/ex01_data_retrieval/src/main/scala/fr/cytech/integration/Main.scala. Using presentation compiler with project's scala-library version: 3.3.7
2026.02.15 01:14:22 INFO  no build target found for /Users/mounir/Desktop/projet_big_data_cytech_25/ex01_data_retrieval/src/main/scala/fr/cytech/integration/Main.scala. Using presentation compiler with project's scala-library version: 3.3.7
2026.02.15 01:14:22 INFO  no build target found for /Users/mounir/Desktop/projet_big_data_cytech_25/ex01_data_retrieval/src/main/scala/fr/cytech/integration/Main.scala. Using presentation compiler with project's scala-library version: 3.3.7
2026.02.15 01:14:24 INFO  no build target found for /Users/mounir/Desktop/projet_big_data_cytech_25/ex01_data_retrieval/src/main/scala/fr/cytech/integration/Main.scala. Using presentation compiler with project's scala-library version: 3.3.7
2026.02.15 01:14:24 INFO  no build target found for /Users/mounir/Desktop/projet_big_data_cytech_25/ex01_data_retrieval/src/main/scala/fr/cytech/integration/Main.scala. Using presentation compiler with project's scala-library version: 3.3.7
2026.02.15 01:14:24 INFO  no build target found for /Users/mounir/Desktop/projet_big_data_cytech_25/ex01_data_retrieval/src/main/scala/fr/cytech/integration/Main.scala. Using presentation compiler with project's scala-library version: 3.3.7
2026.02.15 01:14:41 INFO  no build target found for /Users/mounir/Desktop/projet_big_data_cytech_25/ex01_data_retrieval/src/main/scala/fr/cytech/integration/Main.scala. Using presentation compiler with project's scala-library version: 3.3.7
2026.02.15 01:14:46 INFO  no build target found for /Users/mounir/Desktop/projet_big_data_cytech_25/ex01_data_retrieval/src/main/scala/fr/cytech/integration/Main.scala. Using presentation compiler with project's scala-library version: 3.3.7
2026.02.15 01:14:47 WARN  no build target for: /Users/mounir/Desktop/projet_big_data_cytech_25/ex01_data_retrieval/src/main/scala/fr/cytech/integration/Main.scala
2026.02.15 01:14:47 INFO  no build target found for /Users/mounir/Desktop/projet_big_data_cytech_25/ex01_data_retrieval/src/main/scala/fr/cytech/integration/Main.scala. Using presentation compiler with project's scala-library version: 3.3.7
2026.02.15 01:15:01 INFO  no build target found for /Users/mounir/Desktop/projet_big_data_cytech_25/ex01_data_retrieval/src/main/scala/fr/cytech/integration/Main.scala. Using presentation compiler with project's scala-library version: 3.3.7
2026.02.15 01:15:12 INFO  no build target found for /Users/mounir/Desktop/projet_big_data_cytech_25/ex01_data_retrieval/src/main/scala/fr/cytech/integration/Main.scala. Using presentation compiler with project's scala-library version: 3.3.7
2026.02.15 01:16:00 INFO  no build target found for /Users/mounir/Desktop/projet_big_data_cytech_25/ex01_data_retrieval/src/main/scala/fr/cytech/integration/Main.scala. Using presentation compiler with project's scala-library version: 3.3.7
2026.02.15 01:16:49 INFO  no build target found for /Users/mounir/Desktop/projet_big_data_cytech_25/ex01_data_retrieval/build.sbt. Using presentation compiler with project's scala-library version: 3.3.7
2026.02.15 01:16:49 INFO  no build target found for /Users/mounir/Desktop/projet_big_data_cytech_25/ex01_data_retrieval/build.sbt. Using presentation compiler with project's scala-library version: 3.3.7
2026.02.15 01:16:50 INFO  no build target found for /Users/mounir/Desktop/projet_big_data_cytech_25/ex01_data_retrieval/build.sbt. Using presentation compiler with project's scala-library version: 3.3.7
2026.02.15 01:16:50 INFO  no build target found for /Users/mounir/Desktop/projet_big_data_cytech_25/ex01_data_retrieval/build.sbt. Using presentation compiler with project's scala-library version: 3.3.7
2026.02.15 01:16:50 INFO  no build target found for /Users/mounir/Desktop/projet_big_data_cytech_25/ex01_data_retrieval/build.sbt. Using presentation compiler with project's scala-library version: 3.3.7
2026.02.15 01:16:50 INFO  no build target found for /Users/mounir/Desktop/projet_big_data_cytech_25/ex01_data_retrieval/build.sbt. Using presentation compiler with project's scala-library version: 3.3.7
2026.02.15 01:16:50 INFO  no build target found for /Users/mounir/Desktop/projet_big_data_cytech_25/ex01_data_retrieval/build.sbt. Using presentation compiler with project's scala-library version: 3.3.7
2026.02.15 01:16:51 INFO  no build target found for /Users/mounir/Desktop/projet_big_data_cytech_25/ex01_data_retrieval/build.sbt. Using presentation compiler with project's scala-library version: 3.3.7
2026.02.15 01:16:50 INFO  no build target found for /Users/mounir/Desktop/projet_big_data_cytech_25/ex01_data_retrieval/build.sbt. Using presentation compiler with project's scala-library version: 3.3.7
2026.02.15 01:16:51 WARN  no build target for: /Users/mounir/Desktop/projet_big_data_cytech_25/ex01_data_retrieval/build.sbt
2026.02.15 01:16:51 INFO  no build target found for /Users/mounir/Desktop/projet_big_data_cytech_25/ex01_data_retrieval/build.sbt. Using presentation compiler with project's scala-library version: 3.3.7
2026.02.15 01:16:52 INFO  no build target found for /Users/mounir/Desktop/projet_big_data_cytech_25/ex01_data_retrieval/build.sbt. Using presentation compiler with project's scala-library version: 3.3.7
2026.02.15 01:21:09 WARN  no build target for: /Users/mounir/Desktop/projet_big_data_cytech_25/ex01_data_retrieval/src/main/scala/fr/cytech/integration/Main.scala
2026.02.15 01:21:09 INFO  no build target found for /Users/mounir/Desktop/projet_big_data_cytech_25/ex01_data_retrieval/src/main/scala/fr/cytech/integration/Main.scala. Using presentation compiler with project's scala-library version: 3.3.7
2026.02.15 01:21:10 INFO  no build target found for /Users/mounir/Desktop/projet_big_data_cytech_25/ex01_data_retrieval/src/main/scala/fr/cytech/integration/Main.scala. Using presentation compiler with project's scala-library version: 3.3.7
Feb 15, 2026 1:21:10 AM org.eclipse.lsp4j.jsonrpc.RemoteEndpoint handleCancellation
WARNING: Unmatched cancel notification for request id 84
2026.02.15 01:21:09 INFO  no build target found for /Users/mounir/Desktop/projet_big_data_cytech_25/ex01_data_retrieval/src/main/scala/fr/cytech/integration/Main.scala. Using presentation compiler with project's scala-library version: 3.3.7
2026.02.15 01:21:11 INFO  no build target found for /Users/mounir/Desktop/projet_big_data_cytech_25/ex01_data_retrieval/src/main/scala/fr/cytech/integration/Main.scala. Using presentation compiler with project's scala-library version: 3.3.7
2026.02.15 01:21:11 INFO  no build target found for /Users/mounir/Desktop/projet_big_data_cytech_25/ex01_data_retrieval/src/main/scala/fr/cytech/integration/Main.scala. Using presentation compiler with project's scala-library version: 3.3.7
2026.02.15 01:21:12 INFO  no build target found for /Users/mounir/Desktop/projet_big_data_cytech_25/ex01_data_retrieval/src/main/scala/fr/cytech/integration/Main.scala. Using presentation compiler with project's scala-library version: 3.3.7
2026.02.15 01:21:12 INFO  no build target found for /Users/mounir/Desktop/projet_big_data_cytech_25/ex01_data_retrieval/src/main/scala/fr/cytech/integration/Main.scala. Using presentation compiler with project's scala-library version: 3.3.7
2026.02.15 01:21:12 INFO  no build target found for /Users/mounir/Desktop/projet_big_data_cytech_25/ex01_data_retrieval/src/main/scala/fr/cytech/integration/Main.scala. Using presentation compiler with project's scala-library version: 3.3.7
2026.02.15 01:21:13 INFO  no build target found for /Users/mounir/Desktop/projet_big_data_cytech_25/ex01_data_retrieval/src/main/scala/fr/cytech/integration/Main.scala. Using presentation compiler with project's scala-library version: 3.3.7
2026.02.15 01:21:13 INFO  no build target found for /Users/mounir/Desktop/projet_big_data_cytech_25/ex01_data_retrieval/src/main/scala/fr/cytech/integration/Main.scala. Using presentation compiler with project's scala-library version: 3.3.7
2026.02.15 01:21:13 INFO  no build target found for /Users/mounir/Desktop/projet_big_data_cytech_25/ex01_data_retrieval/src/main/scala/fr/cytech/integration/Main.scala. Using presentation compiler with project's scala-library version: 3.3.7
2026.02.15 01:21:14 INFO  no build target found for /Users/mounir/Desktop/projet_big_data_cytech_25/ex01_data_retrieval/src/main/scala/fr/cytech/integration/Main.scala. Using presentation compiler with project's scala-library version: 3.3.7
2026.02.15 01:21:14 INFO  no build target found for /Users/mounir/Desktop/projet_big_data_cytech_25/ex01_data_retrieval/src/main/scala/fr/cytech/integration/Main.scala. Using presentation compiler with project's scala-library version: 3.3.7
2026.02.15 01:21:14 INFO  no build target found for /Users/mounir/Desktop/projet_big_data_cytech_25/ex01_data_retrieval/src/main/scala/fr/cytech/integration/Main.scala. Using presentation compiler with project's scala-library version: 3.3.7
2026.02.15 01:21:14 INFO  no build target found for /Users/mounir/Desktop/projet_big_data_cytech_25/ex01_data_retrieval/src/main/scala/fr/cytech/integration/Main.scala. Using presentation compiler with project's scala-library version: 3.3.7
2026.02.15 01:21:15 INFO  no build target found for /Users/mounir/Desktop/projet_big_data_cytech_25/ex01_data_retrieval/src/main/scala/fr/cytech/integration/Main.scala. Using presentation compiler with project's scala-library version: 3.3.7
2026.02.15 01:21:16 WARN  no build target for: /Users/mounir/Desktop/projet_big_data_cytech_25/ex01_data_retrieval/src/main/scala/fr/cytech/integration/Main.scala
2026.02.15 01:21:15 INFO  no build target found for /Users/mounir/Desktop/projet_big_data_cytech_25/ex01_data_retrieval/src/main/scala/fr/cytech/integration/Main.scala. Using presentation compiler with project's scala-library version: 3.3.7
2026.02.15 01:21:16 INFO  no build target found for /Users/mounir/Desktop/projet_big_data_cytech_25/ex01_data_retrieval/src/main/scala/fr/cytech/integration/Main.scala. Using presentation compiler with project's scala-library version: 3.3.7
2026.02.15 01:22:18 INFO  no build target found for /Users/mounir/Desktop/projet_big_data_cytech_25/ex01_data_retrieval/src/main/scala/fr/cytech/integration/Main.scala. Using presentation compiler with project's scala-library version: 3.3.7
2026.02.15 01:23:26 WARN  no build target for: /Users/mounir/Desktop/projet_big_data_cytech_25/ex01_data_retrieval/build.sbt
2026.02.15 01:23:26 INFO  no build target found for /Users/mounir/Desktop/projet_big_data_cytech_25/ex01_data_retrieval/build.sbt. Using presentation compiler with project's scala-library version: 3.3.7
2026.02.15 01:23:26 INFO  no build target found for /Users/mounir/Desktop/projet_big_data_cytech_25/ex01_data_retrieval/build.sbt. Using presentation compiler with project's scala-library version: 3.3.7
2026.02.15 01:23:28 INFO  no build target found for /Users/mounir/Desktop/projet_big_data_cytech_25/ex01_data_retrieval/build.sbt. Using presentation compiler with project's scala-library version: 3.3.7
2026.02.15 01:23:28 INFO  no build target found for /Users/mounir/Desktop/projet_big_data_cytech_25/ex01_data_retrieval/build.sbt. Using presentation compiler with project's scala-library version: 3.3.7
2026.02.15 01:23:28 INFO  no build target found for /Users/mounir/Desktop/projet_big_data_cytech_25/ex01_data_retrieval/build.sbt. Using presentation compiler with project's scala-library version: 3.3.7
2026.02.15 01:23:28 INFO  no build target found for /Users/mounir/Desktop/projet_big_data_cytech_25/ex01_data_retrieval/build.sbt. Using presentation compiler with project's scala-library version: 3.3.7
2026.02.15 01:23:29 INFO  no build target found for /Users/mounir/Desktop/projet_big_data_cytech_25/ex01_data_retrieval/build.sbt. Using presentation compiler with project's scala-library version: 3.3.7
2026.02.15 01:23:32 WARN  no build target for: /Users/mounir/Desktop/projet_big_data_cytech_25/ex01_data_retrieval/build.sbt
2026.02.15 01:23:32 INFO  no build target found for /Users/mounir/Desktop/projet_big_data_cytech_25/ex01_data_retrieval/build.sbt. Using presentation compiler with project's scala-library version: 3.3.7
2026.02.15 01:23:32 INFO  no build target found for /Users/mounir/Desktop/projet_big_data_cytech_25/ex01_data_retrieval/build.sbt. Using presentation compiler with project's scala-library version: 3.3.7
2026.02.15 01:23:34 INFO  no build target found for /Users/mounir/Desktop/projet_big_data_cytech_25/ex01_data_retrieval/build.sbt. Using presentation compiler with project's scala-library version: 3.3.7
2026.02.15 01:23:34 INFO  no build target found for /Users/mounir/Desktop/projet_big_data_cytech_25/ex01_data_retrieval/build.sbt. Using presentation compiler with project's scala-library version: 3.3.7
2026.02.15 01:23:38 INFO  no build target found for /Users/mounir/Desktop/projet_big_data_cytech_25/ex01_data_retrieval/build.sbt. Using presentation compiler with project's scala-library version: 3.3.7
2026.02.15 01:23:39 INFO  no build target found for /Users/mounir/Desktop/projet_big_data_cytech_25/ex01_data_retrieval/build.sbt. Using presentation compiler with project's scala-library version: 3.3.7
2026.02.15 01:23:39 INFO  no build target found for /Users/mounir/Desktop/projet_big_data_cytech_25/ex01_data_retrieval/build.sbt. Using presentation compiler with project's scala-library version: 3.3.7
2026.02.15 01:23:41 INFO  no build target found for /Users/mounir/Desktop/projet_big_data_cytech_25/ex01_data_retrieval/build.sbt. Using presentation compiler with project's scala-library version: 3.3.7
2026.02.15 01:23:41 INFO  no build target found for /Users/mounir/Desktop/projet_big_data_cytech_25/ex01_data_retrieval/build.sbt. Using presentation compiler with project's scala-library version: 3.3.7
2026.02.15 01:23:41 INFO  no build target found for /Users/mounir/Desktop/projet_big_data_cytech_25/ex01_data_retrieval/build.sbt. Using presentation compiler with project's scala-library version: 3.3.7
2026.02.15 01:23:42 INFO  no build target found for /Users/mounir/Desktop/projet_big_data_cytech_25/ex01_data_retrieval/build.sbt. Using presentation compiler with project's scala-library version: 3.3.7
2026.02.15 01:23:43 INFO  no build target found for /Users/mounir/Desktop/projet_big_data_cytech_25/ex01_data_retrieval/build.sbt. Using presentation compiler with project's scala-library version: 3.3.7
2026.02.15 01:23:46 INFO  no build target found for /Users/mounir/Desktop/projet_big_data_cytech_25/ex01_data_retrieval/build.sbt. Using presentation compiler with project's scala-library version: 3.3.7
2026.02.15 01:23:46 INFO  no build target found for /Users/mounir/Desktop/projet_big_data_cytech_25/ex01_data_retrieval/build.sbt. Using presentation compiler with project's scala-library version: 3.3.7
2026.02.15 01:23:46 INFO  no build target found for /Users/mounir/Desktop/projet_big_data_cytech_25/ex01_data_retrieval/build.sbt. Using presentation compiler with project's scala-library version: 3.3.7
2026.02.15 01:23:47 INFO  no build target found for /Users/mounir/Desktop/projet_big_data_cytech_25/ex01_data_retrieval/build.sbt. Using presentation compiler with project's scala-library version: 3.3.7
2026.02.15 01:23:47 INFO  no build target found for /Users/mounir/Desktop/projet_big_data_cytech_25/ex01_data_retrieval/build.sbt. Using presentation compiler with project's scala-library version: 3.3.7
2026.02.15 01:23:47 WARN  no build target for: /Users/mounir/Desktop/projet_big_data_cytech_25/ex01_data_retrieval/build.sbt
2026.02.15 01:23:47 INFO  no build target found for /Users/mounir/Desktop/projet_big_data_cytech_25/ex01_data_retrieval/build.sbt. Using presentation compiler with project's scala-library version: 3.3.7
2026.02.15 01:25:25 INFO  no build target found for /Users/mounir/Desktop/projet_big_data_cytech_25/ex01_data_retrieval/build.sbt. Using presentation compiler with project's scala-library version: 3.3.7
2026.02.15 01:25:27 INFO  no build target found for /Users/mounir/Desktop/projet_big_data_cytech_25/ex01_data_retrieval/build.sbt. Using presentation compiler with project's scala-library version: 3.3.7
2026.02.15 01:25:27 INFO  no build target found for /Users/mounir/Desktop/projet_big_data_cytech_25/ex01_data_retrieval/build.sbt. Using presentation compiler with project's scala-library version: 3.3.7
2026.02.15 01:25:28 INFO  no build target found for /Users/mounir/Desktop/projet_big_data_cytech_25/ex01_data_retrieval/build.sbt. Using presentation compiler with project's scala-library version: 3.3.7
2026.02.15 01:25:29 INFO  no build target found for /Users/mounir/Desktop/projet_big_data_cytech_25/ex01_data_retrieval/build.sbt. Using presentation compiler with project's scala-library version: 3.3.7
2026.02.15 01:25:29 INFO  no build target found for /Users/mounir/Desktop/projet_big_data_cytech_25/ex01_data_retrieval/build.sbt. Using presentation compiler with project's scala-library version: 3.3.7
2026.02.15 01:25:29 INFO  no build target found for /Users/mounir/Desktop/projet_big_data_cytech_25/ex01_data_retrieval/build.sbt. Using presentation compiler with project's scala-library version: 3.3.7
2026.02.15 01:25:29 INFO  no build target found for /Users/mounir/Desktop/projet_big_data_cytech_25/ex01_data_retrieval/build.sbt. Using presentation compiler with project's scala-library version: 3.3.7
2026.02.15 01:25:29 INFO  no build target found for /Users/mounir/Desktop/projet_big_data_cytech_25/ex01_data_retrieval/build.sbt. Using presentation compiler with project's scala-library version: 3.3.7
2026.02.15 01:25:30 WARN  no build target for: /Users/mounir/Desktop/projet_big_data_cytech_25/ex01_data_retrieval/build.sbt
2026.02.15 01:25:30 INFO  no build target found for /Users/mounir/Desktop/projet_big_data_cytech_25/ex01_data_retrieval/build.sbt. Using presentation compiler with project's scala-library version: 3.3.7
2026.02.15 01:26:01 INFO  no build target found for /Users/mounir/Desktop/projet_big_data_cytech_25/ex01_data_retrieval/build.sbt. Using presentation compiler with project's scala-library version: 3.3.7
2026.02.15 01:26:01 INFO  no build target found for /Users/mounir/Desktop/projet_big_data_cytech_25/ex01_data_retrieval/build.sbt. Using presentation compiler with project's scala-library version: 3.3.7
2026.02.15 01:26:35 INFO  no build target found for /Users/mounir/Desktop/projet_big_data_cytech_25/ex01_data_retrieval/build.sbt. Using presentation compiler with project's scala-library version: 3.3.7
2026.02.15 01:26:35 INFO  no build target found for /Users/mounir/Desktop/projet_big_data_cytech_25/ex01_data_retrieval/build.sbt. Using presentation compiler with project's scala-library version: 3.3.7
2026.02.15 01:26:38 INFO  no build target found for /Users/mounir/Desktop/projet_big_data_cytech_25/ex01_data_retrieval/build.sbt. Using presentation compiler with project's scala-library version: 3.3.7
2026.02.15 01:26:38 INFO  no build target found for /Users/mounir/Desktop/projet_big_data_cytech_25/ex01_data_retrieval/build.sbt. Using presentation compiler with project's scala-library version: 3.3.7
2026.02.15 01:26:38 INFO  no build target found for /Users/mounir/Desktop/projet_big_data_cytech_25/ex01_data_retrieval/build.sbt. Using presentation compiler with project's scala-library version: 3.3.7
2026.02.15 01:26:38 INFO  no build target found for /Users/mounir/Desktop/projet_big_data_cytech_25/ex01_data_retrieval/build.sbt. Using presentation compiler with project's scala-library version: 3.3.7
2026.02.15 01:26:38 INFO  no build target found for /Users/mounir/Desktop/projet_big_data_cytech_25/ex01_data_retrieval/build.sbt. Using presentation compiler with project's scala-library version: 3.3.7
2026.02.15 01:26:38 WARN  no build target for: /Users/mounir/Desktop/projet_big_data_cytech_25/ex01_data_retrieval/build.sbt
2026.02.15 01:26:38 INFO  no build target found for /Users/mounir/Desktop/projet_big_data_cytech_25/ex01_data_retrieval/build.sbt. Using presentation compiler with project's scala-library version: 3.3.7
2026.02.15 01:26:38 INFO  no build target found for /Users/mounir/Desktop/projet_big_data_cytech_25/ex01_data_retrieval/build.sbt. Using presentation compiler with project's scala-library version: 3.3.7
2026.02.15 01:26:39 INFO  no build target found for /Users/mounir/Desktop/projet_big_data_cytech_25/ex01_data_retrieval/build.sbt. Using presentation compiler with project's scala-library version: 3.3.7
2026.02.15 01:26:38 INFO  Created report: Optional[file:///Users/mounir/Desktop/projet_big_data_cytech_25/ex01_data_retrieval/build.sbt]
2026.02.15 01:26:38 INFO  empty definition using pc, found symbol in pc:  (full report at: "/Users/mounir/Desktop/projet_big_data_cytech_25/.metals/.reports/metals-full/2026-02-15/r_empty-definition_01-26-39-312.md")
2026.02.15 01:26:39 WARN  no build target for: /Users/mounir/Desktop/projet_big_data_cytech_25/ex01_data_retrieval/src/main/scala/fr/cytech/integration/Main.scala
2026.02.15 01:26:39 INFO  no build target found for /Users/mounir/Desktop/projet_big_data_cytech_25/ex01_data_retrieval/src/main/scala/fr/cytech/integration/Main.scala. Using presentation compiler with project's scala-library version: 3.3.7
2026.02.15 01:26:40 INFO  no build target found for /Users/mounir/Desktop/projet_big_data_cytech_25/ex01_data_retrieval/src/main/scala/fr/cytech/integration/Main.scala. Using presentation compiler with project's scala-library version: 3.3.7
2026.02.15 01:26:39 INFO  no build target found for /Users/mounir/Desktop/projet_big_data_cytech_25/ex01_data_retrieval/src/main/scala/fr/cytech/integration/Main.scala. Using presentation compiler with project's scala-library version: 3.3.7
2026.02.15 01:26:39 INFO  no build target found for /Users/mounir/Desktop/projet_big_data_cytech_25/ex01_data_retrieval/src/main/scala/fr/cytech/integration/Main.scala. Using presentation compiler with project's scala-library version: 3.3.7
2026.02.15 01:26:42 INFO  no build target found for /Users/mounir/Desktop/projet_big_data_cytech_25/ex01_data_retrieval/src/main/scala/fr/cytech/integration/Main.scala. Using presentation compiler with project's scala-library version: 3.3.7
2026.02.15 01:26:45 INFO  no build target found for /Users/mounir/Desktop/projet_big_data_cytech_25/ex01_data_retrieval/src/main/scala/fr/cytech/integration/Main.scala. Using presentation compiler with project's scala-library version: 3.3.7
2026.02.15 01:26:45 INFO  no build target found for /Users/mounir/Desktop/projet_big_data_cytech_25/ex01_data_retrieval/src/main/scala/fr/cytech/integration/Main.scala. Using presentation compiler with project's scala-library version: 3.3.7
2026.02.15 01:26:47 INFO  no build target found for /Users/mounir/Desktop/projet_big_data_cytech_25/ex01_data_retrieval/src/main/scala/fr/cytech/integration/Main.scala. Using presentation compiler with project's scala-library version: 3.3.7
2026.02.15 01:26:47 INFO  no build target found for /Users/mounir/Desktop/projet_big_data_cytech_25/ex01_data_retrieval/src/main/scala/fr/cytech/integration/Main.scala. Using presentation compiler with project's scala-library version: 3.3.7
2026.02.15 01:26:47 INFO  no build target found for /Users/mounir/Desktop/projet_big_data_cytech_25/ex01_data_retrieval/src/main/scala/fr/cytech/integration/Main.scala. Using presentation compiler with project's scala-library version: 3.3.7
2026.02.15 01:26:48 INFO  no build target found for /Users/mounir/Desktop/projet_big_data_cytech_25/ex01_data_retrieval/src/main/scala/fr/cytech/integration/Main.scala. Using presentation compiler with project's scala-library version: 3.3.7
2026.02.15 01:26:49 INFO  no build target found for /Users/mounir/Desktop/projet_big_data_cytech_25/ex01_data_retrieval/src/main/scala/fr/cytech/integration/Main.scala. Using presentation compiler with project's scala-library version: 3.3.7
2026.02.15 01:26:48 INFO  no build target found for /Users/mounir/Desktop/projet_big_data_cytech_25/ex01_data_retrieval/src/main/scala/fr/cytech/integration/Main.scala. Using presentation compiler with project's scala-library version: 3.3.7
2026.02.15 01:26:49 WARN  no build target for: /Users/mounir/Desktop/projet_big_data_cytech_25/ex01_data_retrieval/src/main/scala/fr/cytech/integration/Main.scala
2026.02.15 01:26:49 INFO  no build target found for /Users/mounir/Desktop/projet_big_data_cytech_25/ex01_data_retrieval/src/main/scala/fr/cytech/integration/Main.scala. Using presentation compiler with project's scala-library version: 3.3.7
2026.02.15 01:27:42 INFO  no build target found for /Users/mounir/Desktop/projet_big_data_cytech_25/ex01_data_retrieval/src/main/scala/fr/cytech/integration/Main.scala. Using presentation compiler with project's scala-library version: 3.3.7
2026.02.15 01:27:42 INFO  no build target found for /Users/mounir/Desktop/projet_big_data_cytech_25/ex01_data_retrieval/src/main/scala/fr/cytech/integration/Main.scala. Using presentation compiler with project's scala-library version: 3.3.7
2026.02.15 01:27:43 INFO  no build target found for /Users/mounir/Desktop/projet_big_data_cytech_25/ex01_data_retrieval/src/main/scala/fr/cytech/integration/Main.scala. Using presentation compiler with project's scala-library version: 3.3.7
2026.02.15 01:27:42 INFO  no build target found for /Users/mounir/Desktop/projet_big_data_cytech_25/ex01_data_retrieval/src/main/scala/fr/cytech/integration/Main.scala. Using presentation compiler with project's scala-library version: 3.3.7
2026.02.15 01:27:43 INFO  no build target found for /Users/mounir/Desktop/projet_big_data_cytech_25/ex01_data_retrieval/src/main/scala/fr/cytech/integration/Main.scala. Using presentation compiler with project's scala-library version: 3.3.7
2026.02.15 01:27:43 INFO  no build target found for /Users/mounir/Desktop/projet_big_data_cytech_25/ex01_data_retrieval/src/main/scala/fr/cytech/integration/Main.scala. Using presentation compiler with project's scala-library version: 3.3.7
2026.02.15 01:27:43 INFO  no build target found for /Users/mounir/Desktop/projet_big_data_cytech_25/ex01_data_retrieval/src/main/scala/fr/cytech/integration/Main.scala. Using presentation compiler with project's scala-library version: 3.3.7
2026.02.15 01:27:43 INFO  no build target found for /Users/mounir/Desktop/projet_big_data_cytech_25/ex01_data_retrieval/src/main/scala/fr/cytech/integration/Main.scala. Using presentation compiler with project's scala-library version: 3.3.7
2026.02.15 01:27:43 INFO  no build target found for /Users/mounir/Desktop/projet_big_data_cytech_25/ex01_data_retrieval/src/main/scala/fr/cytech/integration/Main.scala. Using presentation compiler with project's scala-library version: 3.3.7
2026.02.15 01:27:43 INFO  no build target found for /Users/mounir/Desktop/projet_big_data_cytech_25/ex01_data_retrieval/src/main/scala/fr/cytech/integration/Main.scala. Using presentation compiler with project's scala-library version: 3.3.7
2026.02.15 01:27:45 INFO  no build target found for /Users/mounir/Desktop/projet_big_data_cytech_25/ex01_data_retrieval/src/main/scala/fr/cytech/integration/Main.scala. Using presentation compiler with project's scala-library version: 3.3.7
2026.02.15 01:27:45 WARN  no build target for: /Users/mounir/Desktop/projet_big_data_cytech_25/ex01_data_retrieval/src/main/scala/fr/cytech/integration/Main.scala
2026.02.15 01:27:45 INFO  no build target found for /Users/mounir/Desktop/projet_big_data_cytech_25/ex01_data_retrieval/src/main/scala/fr/cytech/integration/Main.scala. Using presentation compiler with project's scala-library version: 3.3.7
2026.02.15 01:30:34 INFO  no build target found for /Users/mounir/Desktop/projet_big_data_cytech_25/ex01_data_retrieval/build.sbt. Using presentation compiler with project's scala-library version: 3.3.7
2026.02.15 01:30:34 WARN  no build target for: /Users/mounir/Desktop/projet_big_data_cytech_25/ex01_data_retrieval/build.sbt
2026.02.15 01:30:34 INFO  no build target found for /Users/mounir/Desktop/projet_big_data_cytech_25/ex01_data_retrieval/build.sbt. Using presentation compiler with project's scala-library version: 3.3.7
2026.02.15 01:30:34 INFO  no build target found for /Users/mounir/Desktop/projet_big_data_cytech_25/ex01_data_retrieval/build.sbt. Using presentation compiler with project's scala-library version: 3.3.7
2026.02.15 01:30:34 WARN  no build target for: /Users/mounir/Desktop/projet_big_data_cytech_25/ex01_data_retrieval/src/main/scala/fr/cytech/integration/Main.scala
2026.02.15 01:30:34 INFO  no build target found for /Users/mounir/Desktop/projet_big_data_cytech_25/ex01_data_retrieval/src/main/scala/fr/cytech/integration/Main.scala. Using presentation compiler with project's scala-library version: 3.3.7
2026.02.15 01:30:35 INFO  no build target found for /Users/mounir/Desktop/projet_big_data_cytech_25/ex01_data_retrieval/src/main/scala/fr/cytech/integration/Main.scala. Using presentation compiler with project's scala-library version: 3.3.7
2026.02.15 01:30:35 INFO  no build target found for /Users/mounir/Desktop/projet_big_data_cytech_25/ex01_data_retrieval/src/main/scala/fr/cytech/integration/Main.scala. Using presentation compiler with project's scala-library version: 3.3.7
2026.02.15 01:30:40 INFO  no build target found for /Users/mounir/Desktop/projet_big_data_cytech_25/ex01_data_retrieval/src/main/scala/fr/cytech/integration/Main.scala. Using presentation compiler with project's scala-library version: 3.3.7
2026.02.15 01:30:40 INFO  no build target found for /Users/mounir/Desktop/projet_big_data_cytech_25/ex01_data_retrieval/src/main/scala/fr/cytech/integration/Main.scala. Using presentation compiler with project's scala-library version: 3.3.7
2026.02.15 01:30:43 INFO  no build target found for /Users/mounir/Desktop/projet_big_data_cytech_25/ex01_data_retrieval/src/main/scala/fr/cytech/integration/Main.scala. Using presentation compiler with project's scala-library version: 3.3.7
2026.02.15 01:30:46 INFO  no build target found for /Users/mounir/Desktop/projet_big_data_cytech_25/ex01_data_retrieval/src/main/scala/fr/cytech/integration/Main.scala. Using presentation compiler with project's scala-library version: 3.3.7
2026.02.15 01:35:28 WARN  no build target for: /Users/mounir/Desktop/projet_big_data_cytech_25/ex01_data_retrieval/src/main/scala/fr/cytech/integration/Main.scala
2026.02.15 01:35:28 INFO  no build target found for /Users/mounir/Desktop/projet_big_data_cytech_25/ex01_data_retrieval/src/main/scala/fr/cytech/integration/Main.scala. Using presentation compiler with project's scala-library version: 3.3.7
2026.02.15 01:35:28 INFO  no build target found for /Users/mounir/Desktop/projet_big_data_cytech_25/ex01_data_retrieval/src/main/scala/fr/cytech/integration/Main.scala. Using presentation compiler with project's scala-library version: 3.3.7
2026.02.15 01:35:28 INFO  no build target found for /Users/mounir/Desktop/projet_big_data_cytech_25/ex01_data_retrieval/src/main/scala/fr/cytech/integration/Main.scala. Using presentation compiler with project's scala-library version: 3.3.7
2026.02.15 01:42:15 WARN  no build target for: /Users/mounir/Desktop/projet_big_data_cytech_25/ex01_data_retrieval/src/main/scala/fr/cytech/integration/Main.scala
2026.02.15 01:42:15 INFO  no build target found for /Users/mounir/Desktop/projet_big_data_cytech_25/ex01_data_retrieval/src/main/scala/fr/cytech/integration/Main.scala. Using presentation compiler with project's scala-library version: 3.3.7
2026.02.15 01:42:16 INFO  no build target found for /Users/mounir/Desktop/projet_big_data_cytech_25/ex01_data_retrieval/src/main/scala/fr/cytech/integration/Main.scala. Using presentation compiler with project's scala-library version: 3.3.7
2026.02.15 01:42:15 INFO  no build target found for /Users/mounir/Desktop/projet_big_data_cytech_25/ex01_data_retrieval/src/main/scala/fr/cytech/integration/Main.scala. Using presentation compiler with project's scala-library version: 3.3.7
2026.02.15 01:42:19 INFO  no build target found for /Users/mounir/Desktop/projet_big_data_cytech_25/ex01_data_retrieval/src/main/scala/fr/cytech/integration/Main.scala. Using presentation compiler with project's scala-library version: 3.3.7
2026.02.15 01:42:20 INFO  no build target found for /Users/mounir/Desktop/projet_big_data_cytech_25/ex01_data_retrieval/src/main/scala/fr/cytech/integration/Main.scala. Using presentation compiler with project's scala-library version: 3.3.7
2026.02.15 01:42:20 INFO  no build target found for /Users/mounir/Desktop/projet_big_data_cytech_25/ex01_data_retrieval/src/main/scala/fr/cytech/integration/Main.scala. Using presentation compiler with project's scala-library version: 3.3.7
2026.02.15 01:42:23 INFO  no build target found for /Users/mounir/Desktop/projet_big_data_cytech_25/ex01_data_retrieval/src/main/scala/fr/cytech/integration/Main.scala. Using presentation compiler with project's scala-library version: 3.3.7
2026.02.15 01:42:23 INFO  no build target found for /Users/mounir/Desktop/projet_big_data_cytech_25/ex01_data_retrieval/src/main/scala/fr/cytech/integration/Main.scala. Using presentation compiler with project's scala-library version: 3.3.7
2026.02.15 01:42:23 INFO  no build target found for /Users/mounir/Desktop/projet_big_data_cytech_25/ex01_data_retrieval/src/main/scala/fr/cytech/integration/Main.scala. Using presentation compiler with project's scala-library version: 3.3.7
2026.02.15 01:42:23 INFO  no build target found for /Users/mounir/Desktop/projet_big_data_cytech_25/ex01_data_retrieval/src/main/scala/fr/cytech/integration/Main.scala. Using presentation compiler with project's scala-library version: 3.3.7
2026.02.15 01:42:30 INFO  no build target found for /Users/mounir/Desktop/projet_big_data_cytech_25/ex01_data_retrieval/src/main/scala/fr/cytech/integration/Main.scala. Using presentation compiler with project's scala-library version: 3.3.7
2026.02.15 01:42:31 INFO  no build target found for /Users/mounir/Desktop/projet_big_data_cytech_25/ex01_data_retrieval/src/main/scala/fr/cytech/integration/Main.scala. Using presentation compiler with project's scala-library version: 3.3.7
2026.02.15 01:42:31 INFO  no build target found for /Users/mounir/Desktop/projet_big_data_cytech_25/ex01_data_retrieval/src/main/scala/fr/cytech/integration/Main.scala. Using presentation compiler with project's scala-library version: 3.3.7
2026.02.15 01:42:34 INFO  no build target found for /Users/mounir/Desktop/projet_big_data_cytech_25/ex01_data_retrieval/src/main/scala/fr/cytech/integration/Main.scala. Using presentation compiler with project's scala-library version: 3.3.7
2026.02.15 01:42:34 INFO  no build target found for /Users/mounir/Desktop/projet_big_data_cytech_25/ex01_data_retrieval/src/main/scala/fr/cytech/integration/Main.scala. Using presentation compiler with project's scala-library version: 3.3.7
2026.02.15 01:42:34 INFO  no build target found for /Users/mounir/Desktop/projet_big_data_cytech_25/ex01_data_retrieval/src/main/scala/fr/cytech/integration/Main.scala. Using presentation compiler with project's scala-library version: 3.3.7
2026.02.15 01:42:35 INFO  no build target found for /Users/mounir/Desktop/projet_big_data_cytech_25/ex01_data_retrieval/src/main/scala/fr/cytech/integration/Main.scala. Using presentation compiler with project's scala-library version: 3.3.7
2026.02.15 01:42:37 INFO  no build target found for /Users/mounir/Desktop/projet_big_data_cytech_25/ex01_data_retrieval/src/main/scala/fr/cytech/integration/Main.scala. Using presentation compiler with project's scala-library version: 3.3.7
2026.02.15 01:42:53 INFO  no build target found for /Users/mounir/Desktop/projet_big_data_cytech_25/ex01_data_retrieval/build.sbt. Using presentation compiler with project's scala-library version: 3.3.7
2026.02.15 01:42:53 INFO  no build target found for /Users/mounir/Desktop/projet_big_data_cytech_25/ex01_data_retrieval/build.sbt. Using presentation compiler with project's scala-library version: 3.3.7
2026.02.15 01:42:54 INFO  no build target found for /Users/mounir/Desktop/projet_big_data_cytech_25/ex01_data_retrieval/build.sbt. Using presentation compiler with project's scala-library version: 3.3.7
2026.02.15 01:42:54 INFO  no build target found for /Users/mounir/Desktop/projet_big_data_cytech_25/ex01_data_retrieval/build.sbt. Using presentation compiler with project's scala-library version: 3.3.7
2026.02.15 01:42:54 INFO  no build target found for /Users/mounir/Desktop/projet_big_data_cytech_25/ex01_data_retrieval/build.sbt. Using presentation compiler with project's scala-library version: 3.3.7
2026.02.15 01:42:55 INFO  no build target found for /Users/mounir/Desktop/projet_big_data_cytech_25/ex01_data_retrieval/build.sbt. Using presentation compiler with project's scala-library version: 3.3.7
2026.02.15 01:42:54 INFO  no build target found for /Users/mounir/Desktop/projet_big_data_cytech_25/ex01_data_retrieval/build.sbt. Using presentation compiler with project's scala-library version: 3.3.7
2026.02.15 01:42:55 INFO  no build target found for /Users/mounir/Desktop/projet_big_data_cytech_25/ex01_data_retrieval/build.sbt. Using presentation compiler with project's scala-library version: 3.3.7
2026.02.15 01:42:55 INFO  no build target found for /Users/mounir/Desktop/projet_big_data_cytech_25/ex01_data_retrieval/build.sbt. Using presentation compiler with project's scala-library version: 3.3.7
2026.02.15 01:42:55 INFO  no build target found for /Users/mounir/Desktop/projet_big_data_cytech_25/ex01_data_retrieval/build.sbt. Using presentation compiler with project's scala-library version: 3.3.7
2026.02.15 01:42:55 WARN  no build target for: /Users/mounir/Desktop/projet_big_data_cytech_25/ex01_data_retrieval/build.sbt
2026.02.15 01:42:55 INFO  no build target found for /Users/mounir/Desktop/projet_big_data_cytech_25/ex01_data_retrieval/build.sbt. Using presentation compiler with project's scala-library version: 3.3.7
2026.02.15 01:42:57 INFO  no build target found for /Users/mounir/Desktop/projet_big_data_cytech_25/ex01_data_retrieval/build.sbt. Using presentation compiler with project's scala-library version: 3.3.7
2026.02.15 01:42:57 INFO  no build target found for /Users/mounir/Desktop/projet_big_data_cytech_25/ex01_data_retrieval/build.sbt. Using presentation compiler with project's scala-library version: 3.3.7
2026.02.15 01:42:57 INFO  no build target found for /Users/mounir/Desktop/projet_big_data_cytech_25/ex01_data_retrieval/build.sbt. Using presentation compiler with project's scala-library version: 3.3.7
2026.02.15 01:42:57 INFO  no build target found for /Users/mounir/Desktop/projet_big_data_cytech_25/ex01_data_retrieval/build.sbt. Using presentation compiler with project's scala-library version: 3.3.7
2026.02.15 01:42:58 INFO  no build target found for /Users/mounir/Desktop/projet_big_data_cytech_25/ex01_data_retrieval/build.sbt. Using presentation compiler with project's scala-library version: 3.3.7
2026.02.15 01:42:58 INFO  no build target found for /Users/mounir/Desktop/projet_big_data_cytech_25/ex01_data_retrieval/build.sbt. Using presentation compiler with project's scala-library version: 3.3.7
2026.02.15 01:42:58 INFO  no build target found for /Users/mounir/Desktop/projet_big_data_cytech_25/ex01_data_retrieval/build.sbt. Using presentation compiler with project's scala-library version: 3.3.7
2026.02.15 01:42:58 INFO  no build target found for /Users/mounir/Desktop/projet_big_data_cytech_25/ex01_data_retrieval/build.sbt. Using presentation compiler with project's scala-library version: 3.3.7
2026.02.15 01:42:59 INFO  no build target found for /Users/mounir/Desktop/projet_big_data_cytech_25/ex01_data_retrieval/build.sbt. Using presentation compiler with project's scala-library version: 3.3.7
2026.02.15 01:42:58 INFO  no build target found for /Users/mounir/Desktop/projet_big_data_cytech_25/ex01_data_retrieval/build.sbt. Using presentation compiler with project's scala-library version: 3.3.7
2026.02.15 01:43:00 INFO  no build target found for /Users/mounir/Desktop/projet_big_data_cytech_25/ex01_data_retrieval/build.sbt. Using presentation compiler with project's scala-library version: 3.3.7
2026.02.15 01:43:00 INFO  no build target found for /Users/mounir/Desktop/projet_big_data_cytech_25/ex01_data_retrieval/build.sbt. Using presentation compiler with project's scala-library version: 3.3.7
2026.02.15 01:43:00 INFO  no build target found for /Users/mounir/Desktop/projet_big_data_cytech_25/ex01_data_retrieval/build.sbt. Using presentation compiler with project's scala-library version: 3.3.7
2026.02.15 01:43:00 INFO  no build target found for /Users/mounir/Desktop/projet_big_data_cytech_25/ex01_data_retrieval/build.sbt. Using presentation compiler with project's scala-library version: 3.3.7
2026.02.15 01:43:00 INFO  no build target found for /Users/mounir/Desktop/projet_big_data_cytech_25/ex01_data_retrieval/build.sbt. Using presentation compiler with project's scala-library version: 3.3.7
2026.02.15 01:43:01 INFO  no build target found for /Users/mounir/Desktop/projet_big_data_cytech_25/ex01_data_retrieval/build.sbt. Using presentation compiler with project's scala-library version: 3.3.7
2026.02.15 01:43:01 INFO  no build target found for /Users/mounir/Desktop/projet_big_data_cytech_25/ex01_data_retrieval/build.sbt. Using presentation compiler with project's scala-library version: 3.3.7
2026.02.15 01:43:01 INFO  no build target found for /Users/mounir/Desktop/projet_big_data_cytech_25/ex01_data_retrieval/build.sbt. Using presentation compiler with project's scala-library version: 3.3.7
2026.02.15 01:43:01 INFO  no build target found for /Users/mounir/Desktop/projet_big_data_cytech_25/ex01_data_retrieval/build.sbt. Using presentation compiler with project's scala-library version: 3.3.7
2026.02.15 01:43:01 WARN  no build target for: /Users/mounir/Desktop/projet_big_data_cytech_25/ex01_data_retrieval/build.sbt
2026.02.15 01:43:01 INFO  no build target found for /Users/mounir/Desktop/projet_big_data_cytech_25/ex01_data_retrieval/build.sbt. Using presentation compiler with project's scala-library version: 3.3.7
2026.02.15 01:43:01 INFO  no build target found for /Users/mounir/Desktop/projet_big_data_cytech_25/ex01_data_retrieval/build.sbt. Using presentation compiler with project's scala-library version: 3.3.7
2026.02.15 01:43:02 INFO  no build target found for /Users/mounir/Desktop/projet_big_data_cytech_25/ex01_data_retrieval/build.sbt. Using presentation compiler with project's scala-library version: 3.3.7
2026.02.15 01:44:54 INFO  no build target found for /Users/mounir/Desktop/projet_big_data_cytech_25/ex02_data_ingestion/src/main/scala/fr/cytech/integration/Main.scala. Using presentation compiler with project's scala-library version: 3.3.7
2026.02.15 01:44:54 WARN  Could not find semantic tokens for: file:///Users/mounir/Desktop/projet_big_data_cytech_25/ex02_data_ingestion/src/main/scala/fr/cytech/integration/Main.scala
2026.02.15 01:44:55 INFO  no build target found for /Users/mounir/Desktop/projet_big_data_cytech_25/ex02_data_ingestion/src/main/scala/fr/cytech/integration/Main.scala. Using presentation compiler with project's scala-library version: 3.3.7
2026.02.15 01:44:55 INFO  no build target found for /Users/mounir/Desktop/projet_big_data_cytech_25/ex02_data_ingestion/src/main/scala/fr/cytech/integration/Main.scala. Using presentation compiler with project's scala-library version: 3.3.7
2026.02.15 01:44:55 INFO  no build target found for /Users/mounir/Desktop/projet_big_data_cytech_25/ex02_data_ingestion/src/main/scala/fr/cytech/integration/Main.scala. Using presentation compiler with project's scala-library version: 3.3.7
2026.02.15 01:44:55 INFO  no build target found for /Users/mounir/Desktop/projet_big_data_cytech_25/ex02_data_ingestion/src/main/scala/fr/cytech/integration/Main.scala. Using presentation compiler with project's scala-library version: 3.3.7
2026.02.15 01:44:55 INFO  no build target found for /Users/mounir/Desktop/projet_big_data_cytech_25/ex02_data_ingestion/src/main/scala/fr/cytech/integration/Main.scala. Using presentation compiler with project's scala-library version: 3.3.7
2026.02.15 01:44:56 WARN  no build target for: /Users/mounir/Desktop/projet_big_data_cytech_25/ex02_data_ingestion/src/main/scala/fr/cytech/integration/Main.scala
2026.02.15 01:44:56 INFO  no build target found for /Users/mounir/Desktop/projet_big_data_cytech_25/ex02_data_ingestion/src/main/scala/fr/cytech/integration/Main.scala. Using presentation compiler with project's scala-library version: 3.3.7
2026.02.15 01:44:58 INFO  no build target found for /Users/mounir/Desktop/projet_big_data_cytech_25/ex02_data_ingestion/src/main/scala/fr/cytech/integration/Main.scala. Using presentation compiler with project's scala-library version: 3.3.7
2026.02.15 01:45:17 INFO  no build target found for /Users/mounir/Desktop/projet_big_data_cytech_25/ex02_data_ingestion/src/main/scala/fr/cytech/integration/Main.scala. Using presentation compiler with project's scala-library version: 3.3.7
2026.02.15 01:45:25 INFO  no build target found for /Users/mounir/Desktop/projet_big_data_cytech_25/ex02_data_ingestion/src/main/scala/fr/cytech/integration/Main.scala. Using presentation compiler with project's scala-library version: 3.3.7
2026.02.15 01:46:51 WARN  no build target for: /Users/mounir/Desktop/projet_big_data_cytech_25/ex02_data_ingestion/src/main/scala/fr/cytech/integration/Main.scala
2026.02.15 01:46:51 INFO  no build target found for /Users/mounir/Desktop/projet_big_data_cytech_25/ex02_data_ingestion/src/main/scala/fr/cytech/integration/Main.scala. Using presentation compiler with project's scala-library version: 3.3.7
2026.02.15 01:46:51 INFO  no build target found for /Users/mounir/Desktop/projet_big_data_cytech_25/ex02_data_ingestion/src/main/scala/fr/cytech/integration/Main.scala. Using presentation compiler with project's scala-library version: 3.3.7
2026.02.15 01:46:51 INFO  no build target found for /Users/mounir/Desktop/projet_big_data_cytech_25/ex02_data_ingestion/src/main/scala/fr/cytech/integration/Main.scala. Using presentation compiler with project's scala-library version: 3.3.7
2026.02.15 01:47:46 INFO  no build target found for /Users/mounir/Desktop/projet_big_data_cytech_25/ex02_data_ingestion/build.sbt. Using presentation compiler with project's scala-library version: 3.3.7
2026.02.15 01:47:46 WARN  Could not find semantic tokens for: file:///Users/mounir/Desktop/projet_big_data_cytech_25/ex02_data_ingestion/build.sbt
2026.02.15 01:47:47 INFO  no build target found for /Users/mounir/Desktop/projet_big_data_cytech_25/ex02_data_ingestion/build.sbt. Using presentation compiler with project's scala-library version: 3.3.7
2026.02.15 01:47:47 INFO  no build target found for /Users/mounir/Desktop/projet_big_data_cytech_25/ex02_data_ingestion/build.sbt. Using presentation compiler with project's scala-library version: 3.3.7
2026.02.15 01:47:48 INFO  no build target found for /Users/mounir/Desktop/projet_big_data_cytech_25/ex02_data_ingestion/build.sbt. Using presentation compiler with project's scala-library version: 3.3.7
2026.02.15 01:47:47 INFO  no build target found for /Users/mounir/Desktop/projet_big_data_cytech_25/ex02_data_ingestion/build.sbt. Using presentation compiler with project's scala-library version: 3.3.7
2026.02.15 01:47:48 INFO  no build target found for /Users/mounir/Desktop/projet_big_data_cytech_25/ex02_data_ingestion/build.sbt. Using presentation compiler with project's scala-library version: 3.3.7
2026.02.15 01:47:48 WARN  no build target for: /Users/mounir/Desktop/projet_big_data_cytech_25/ex02_data_ingestion/build.sbt
2026.02.15 01:47:48 INFO  no build target found for /Users/mounir/Desktop/projet_big_data_cytech_25/ex02_data_ingestion/build.sbt. Using presentation compiler with project's scala-library version: 3.3.7
2026.02.15 01:47:48 INFO  no build target found for /Users/mounir/Desktop/projet_big_data_cytech_25/ex02_data_ingestion/build.sbt. Using presentation compiler with project's scala-library version: 3.3.7
2026.02.15 01:47:49 INFO  no build target found for /Users/mounir/Desktop/projet_big_data_cytech_25/ex02_data_ingestion/build.sbt. Using presentation compiler with project's scala-library version: 3.3.7
2026.02.15 01:48:09 INFO  no build target found for /Users/mounir/Desktop/projet_big_data_cytech_25/ex02_data_ingestion/build.sbt. Using presentation compiler with project's scala-library version: 3.3.7
2026.02.15 01:48:12 WARN  no build target for: /Users/mounir/Desktop/projet_big_data_cytech_25/ex02_data_ingestion/src/main/scala/fr/cytech/integration/Main.scala
2026.02.15 01:48:12 INFO  no build target found for /Users/mounir/Desktop/projet_big_data_cytech_25/ex02_data_ingestion/src/main/scala/fr/cytech/integration/Main.scala. Using presentation compiler with project's scala-library version: 3.3.7
2026.02.15 01:48:12 INFO  no build target found for /Users/mounir/Desktop/projet_big_data_cytech_25/ex02_data_ingestion/src/main/scala/fr/cytech/integration/Main.scala. Using presentation compiler with project's scala-library version: 3.3.7
2026.02.15 01:48:12 INFO  no build target found for /Users/mounir/Desktop/projet_big_data_cytech_25/ex02_data_ingestion/src/main/scala/fr/cytech/integration/Main.scala. Using presentation compiler with project's scala-library version: 3.3.7
2026.02.15 01:50:01 INFO  no build target found for /Users/mounir/Desktop/projet_big_data_cytech_25/ex02_data_ingestion/src/main/scala/fr/cytech/integration/Main.scala. Using presentation compiler with project's scala-library version: 3.3.7
2026.02.15 01:50:01 INFO  no build target found for /Users/mounir/Desktop/projet_big_data_cytech_25/ex02_data_ingestion/src/main/scala/fr/cytech/integration/Main.scala. Using presentation compiler with project's scala-library version: 3.3.7
2026.02.15 01:50:49 INFO  no build target found for /Users/mounir/Desktop/projet_big_data_cytech_25/ex02_data_ingestion/src/main/scala/fr/cytech/integration/Main.scala. Using presentation compiler with project's scala-library version: 3.3.7
2026.02.15 01:56:31 WARN  no build target for: /Users/mounir/Desktop/projet_big_data_cytech_25/ex02_data_ingestion/src/main/scala/fr/cytech/integration/Main.scala
2026.02.15 01:56:31 INFO  no build target found for /Users/mounir/Desktop/projet_big_data_cytech_25/ex02_data_ingestion/src/main/scala/fr/cytech/integration/Main.scala. Using presentation compiler with project's scala-library version: 3.3.7
2026.02.15 01:56:31 INFO  no build target found for /Users/mounir/Desktop/projet_big_data_cytech_25/ex02_data_ingestion/src/main/scala/fr/cytech/integration/Main.scala. Using presentation compiler with project's scala-library version: 3.3.7
2026.02.15 01:56:31 INFO  no build target found for /Users/mounir/Desktop/projet_big_data_cytech_25/ex02_data_ingestion/src/main/scala/fr/cytech/integration/Main.scala. Using presentation compiler with project's scala-library version: 3.3.7
2026.02.15 01:56:39 INFO  no build target found for /Users/mounir/Desktop/projet_big_data_cytech_25/ex02_data_ingestion/src/main/scala/fr/cytech/integration/Main.scala. Using presentation compiler with project's scala-library version: 3.3.7
2026.02.15 01:56:39 INFO  no build target found for /Users/mounir/Desktop/projet_big_data_cytech_25/ex02_data_ingestion/src/main/scala/fr/cytech/integration/Main.scala. Using presentation compiler with project's scala-library version: 3.3.7
2026.02.15 01:56:40 INFO  no build target found for /Users/mounir/Desktop/projet_big_data_cytech_25/ex02_data_ingestion/src/main/scala/fr/cytech/integration/Main.scala. Using presentation compiler with project's scala-library version: 3.3.7
2026.02.15 01:56:40 INFO  no build target found for /Users/mounir/Desktop/projet_big_data_cytech_25/ex02_data_ingestion/src/main/scala/fr/cytech/integration/Main.scala. Using presentation compiler with project's scala-library version: 3.3.7
2026.02.15 01:56:40 INFO  no build target found for /Users/mounir/Desktop/projet_big_data_cytech_25/ex02_data_ingestion/src/main/scala/fr/cytech/integration/Main.scala. Using presentation compiler with project's scala-library version: 3.3.7
2026.02.15 01:56:42 INFO  no build target found for /Users/mounir/Desktop/projet_big_data_cytech_25/ex02_data_ingestion/src/main/scala/fr/cytech/integration/Main.scala. Using presentation compiler with project's scala-library version: 3.3.7
2026.02.15 01:56:42 INFO  no build target found for /Users/mounir/Desktop/projet_big_data_cytech_25/ex02_data_ingestion/src/main/scala/fr/cytech/integration/Main.scala. Using presentation compiler with project's scala-library version: 3.3.7
2026.02.15 01:56:42 INFO  no build target found for /Users/mounir/Desktop/projet_big_data_cytech_25/ex02_data_ingestion/src/main/scala/fr/cytech/integration/Main.scala. Using presentation compiler with project's scala-library version: 3.3.7
2026.02.15 01:56:42 INFO  no build target found for /Users/mounir/Desktop/projet_big_data_cytech_25/ex02_data_ingestion/src/main/scala/fr/cytech/integration/Main.scala. Using presentation compiler with project's scala-library version: 3.3.7
2026.02.15 01:56:42 INFO  no build target found for /Users/mounir/Desktop/projet_big_data_cytech_25/ex02_data_ingestion/src/main/scala/fr/cytech/integration/Main.scala. Using presentation compiler with project's scala-library version: 3.3.7
2026.02.15 01:56:43 INFO  no build target found for /Users/mounir/Desktop/projet_big_data_cytech_25/ex02_data_ingestion/src/main/scala/fr/cytech/integration/Main.scala. Using presentation compiler with project's scala-library version: 3.3.7
2026.02.15 01:56:43 INFO  no build target found for /Users/mounir/Desktop/projet_big_data_cytech_25/ex02_data_ingestion/src/main/scala/fr/cytech/integration/Main.scala. Using presentation compiler with project's scala-library version: 3.3.7
2026.02.15 01:56:44 INFO  no build target found for /Users/mounir/Desktop/projet_big_data_cytech_25/ex02_data_ingestion/src/main/scala/fr/cytech/integration/Main.scala. Using presentation compiler with project's scala-library version: 3.3.7
2026.02.15 01:56:43 INFO  no build target found for /Users/mounir/Desktop/projet_big_data_cytech_25/ex02_data_ingestion/src/main/scala/fr/cytech/integration/Main.scala. Using presentation compiler with project's scala-library version: 3.3.7
2026.02.15 01:56:46 WARN  no build target for: /Users/mounir/Desktop/projet_big_data_cytech_25/ex02_data_ingestion/src/main/scala/fr/cytech/integration/Main.scala
2026.02.15 01:56:46 INFO  no build target found for /Users/mounir/Desktop/projet_big_data_cytech_25/ex02_data_ingestion/src/main/scala/fr/cytech/integration/Main.scala. Using presentation compiler with project's scala-library version: 3.3.7
2026.02.15 01:56:46 INFO  no build target found for /Users/mounir/Desktop/projet_big_data_cytech_25/ex02_data_ingestion/src/main/scala/fr/cytech/integration/Main.scala. Using presentation compiler with project's scala-library version: 3.3.7
2026.02.15 01:56:47 INFO  no build target found for /Users/mounir/Desktop/projet_big_data_cytech_25/ex02_data_ingestion/src/main/scala/fr/cytech/integration/Main.scala. Using presentation compiler with project's scala-library version: 3.3.7
2026.02.15 01:58:33 INFO  no build target found for /Users/mounir/Desktop/projet_big_data_cytech_25/ex02_data_ingestion/src/main/scala/fr/cytech/integration/Main.scala. Using presentation compiler with project's scala-library version: 3.3.7
2026.02.15 01:58:57 WARN  no build target for: /Users/mounir/Desktop/projet_big_data_cytech_25/ex01_data_retrieval/build.sbt
2026.02.15 01:58:57 INFO  no build target found for /Users/mounir/Desktop/projet_big_data_cytech_25/ex01_data_retrieval/build.sbt. Using presentation compiler with project's scala-library version: 3.3.7
2026.02.15 01:58:57 INFO  no build target found for /Users/mounir/Desktop/projet_big_data_cytech_25/ex01_data_retrieval/build.sbt. Using presentation compiler with project's scala-library version: 3.3.7
2026.02.15 01:58:57 INFO  no build target found for /Users/mounir/Desktop/projet_big_data_cytech_25/ex01_data_retrieval/build.sbt. Using presentation compiler with project's scala-library version: 3.3.7
2026.02.15 01:58:57 INFO  no build target found for /Users/mounir/Desktop/projet_big_data_cytech_25/ex01_data_retrieval/build.sbt. Using presentation compiler with project's scala-library version: 3.3.7
2026.02.15 01:59:00 INFO  no build target found for /Users/mounir/Desktop/projet_big_data_cytech_25/ex01_data_retrieval/build.sbt. Using presentation compiler with project's scala-library version: 3.3.7
2026.02.15 01:59:00 WARN  no build target for: /Users/mounir/Desktop/projet_big_data_cytech_25/ex02_data_ingestion/src/main/scala/fr/cytech/integration/Main.scala
2026.02.15 01:59:00 INFO  no build target found for /Users/mounir/Desktop/projet_big_data_cytech_25/ex02_data_ingestion/src/main/scala/fr/cytech/integration/Main.scala. Using presentation compiler with project's scala-library version: 3.3.7
2026.02.15 01:59:00 INFO  no build target found for /Users/mounir/Desktop/projet_big_data_cytech_25/ex02_data_ingestion/src/main/scala/fr/cytech/integration/Main.scala. Using presentation compiler with project's scala-library version: 3.3.7
2026.02.15 01:59:00 INFO  no build target found for /Users/mounir/Desktop/projet_big_data_cytech_25/ex02_data_ingestion/src/main/scala/fr/cytech/integration/Main.scala. Using presentation compiler with project's scala-library version: 3.3.7
2026.02.15 01:59:02 WARN  no build target for: /Users/mounir/Desktop/projet_big_data_cytech_25/ex01_data_retrieval/src/main/scala/fr/cytech/integration/Main.scala
2026.02.15 01:59:02 INFO  no build target found for /Users/mounir/Desktop/projet_big_data_cytech_25/ex01_data_retrieval/src/main/scala/fr/cytech/integration/Main.scala. Using presentation compiler with project's scala-library version: 3.3.7
2026.02.15 01:59:02 INFO  no build target found for /Users/mounir/Desktop/projet_big_data_cytech_25/ex01_data_retrieval/src/main/scala/fr/cytech/integration/Main.scala. Using presentation compiler with project's scala-library version: 3.3.7
2026.02.15 01:59:02 INFO  no build target found for /Users/mounir/Desktop/projet_big_data_cytech_25/ex01_data_retrieval/src/main/scala/fr/cytech/integration/Main.scala. Using presentation compiler with project's scala-library version: 3.3.7
2026.02.15 01:59:11 WARN  no build target for: /Users/mounir/Desktop/projet_big_data_cytech_25/ex01_data_retrieval/src/main/scala/fr/cytech/integration/Main.scala
2026.02.15 01:59:11 INFO  no build target found for /Users/mounir/Desktop/projet_big_data_cytech_25/ex01_data_retrieval/src/main/scala/fr/cytech/integration/Main.scala. Using presentation compiler with project's scala-library version: 3.3.7
2026.02.15 01:59:11 INFO  no build target found for /Users/mounir/Desktop/projet_big_data_cytech_25/ex01_data_retrieval/src/main/scala/fr/cytech/integration/Main.scala. Using presentation compiler with project's scala-library version: 3.3.7
2026.02.15 01:59:12 WARN  no build target for: /Users/mounir/Desktop/projet_big_data_cytech_25/ex02_data_ingestion/src/main/scala/fr/cytech/integration/Main.scala
2026.02.15 01:59:12 INFO  no build target found for /Users/mounir/Desktop/projet_big_data_cytech_25/ex02_data_ingestion/src/main/scala/fr/cytech/integration/Main.scala. Using presentation compiler with project's scala-library version: 3.3.7
2026.02.15 01:59:12 INFO  no build target found for /Users/mounir/Desktop/projet_big_data_cytech_25/ex02_data_ingestion/src/main/scala/fr/cytech/integration/Main.scala. Using presentation compiler with project's scala-library version: 3.3.7
2026.02.15 01:59:12 INFO  no build target found for /Users/mounir/Desktop/projet_big_data_cytech_25/ex02_data_ingestion/src/main/scala/fr/cytech/integration/Main.scala. Using presentation compiler with project's scala-library version: 3.3.7
2026.02.15 01:59:12 INFO  no build target found for /Users/mounir/Desktop/projet_big_data_cytech_25/ex02_data_ingestion/src/main/scala/fr/cytech/integration/Main.scala. Using presentation compiler with project's scala-library version: 3.3.7
2026.02.15 01:59:14 INFO  no build target found for /Users/mounir/Desktop/projet_big_data_cytech_25/ex02_data_ingestion/src/main/scala/fr/cytech/integration/Main.scala. Using presentation compiler with project's scala-library version: 3.3.7
2026.02.15 01:59:15 INFO  no build target found for /Users/mounir/Desktop/projet_big_data_cytech_25/ex02_data_ingestion/build.sbt. Using presentation compiler with project's scala-library version: 3.3.7
2026.02.15 01:59:15 WARN  no build target for: /Users/mounir/Desktop/projet_big_data_cytech_25/ex02_data_ingestion/build.sbt
2026.02.15 01:59:15 INFO  no build target found for /Users/mounir/Desktop/projet_big_data_cytech_25/ex02_data_ingestion/build.sbt. Using presentation compiler with project's scala-library version: 3.3.7
2026.02.15 01:59:15 INFO  no build target found for /Users/mounir/Desktop/projet_big_data_cytech_25/ex02_data_ingestion/build.sbt. Using presentation compiler with project's scala-library version: 3.3.7
2026.02.15 01:59:15 INFO  no build target found for /Users/mounir/Desktop/projet_big_data_cytech_25/ex02_data_ingestion/build.sbt. Using presentation compiler with project's scala-library version: 3.3.7
2026.02.15 01:59:15 INFO  no build target found for /Users/mounir/Desktop/projet_big_data_cytech_25/ex02_data_ingestion/src/main/scala/fr/cytech/integration/Main.scala. Using presentation compiler with project's scala-library version: 3.3.7
2026.02.15 01:59:16 WARN  no build target for: /Users/mounir/Desktop/projet_big_data_cytech_25/ex02_data_ingestion/src/main/scala/fr/cytech/integration/Main.scala
2026.02.15 01:59:15 INFO  no build target found for /Users/mounir/Desktop/projet_big_data_cytech_25/ex02_data_ingestion/src/main/scala/fr/cytech/integration/Main.scala. Using presentation compiler with project's scala-library version: 3.3.7
2026.02.15 01:59:16 INFO  no build target found for /Users/mounir/Desktop/projet_big_data_cytech_25/ex02_data_ingestion/src/main/scala/fr/cytech/integration/Main.scala. Using presentation compiler with project's scala-library version: 3.3.7
2026.02.15 01:59:18 WARN  no build target for: /Users/mounir/Desktop/projet_big_data_cytech_25/ex02_data_ingestion/src/main/scala/fr/cytech/integration/Main.scala
2026.02.15 01:59:18 INFO  no build target found for /Users/mounir/Desktop/projet_big_data_cytech_25/ex02_data_ingestion/src/main/scala/fr/cytech/integration/Main.scala. Using presentation compiler with project's scala-library version: 3.3.7
2026.02.15 01:59:18 INFO  no build target found for /Users/mounir/Desktop/projet_big_data_cytech_25/ex02_data_ingestion/src/main/scala/fr/cytech/integration/Main.scala. Using presentation compiler with project's scala-library version: 3.3.7
2026.02.15 01:59:18 INFO  no build target found for /Users/mounir/Desktop/projet_big_data_cytech_25/ex02_data_ingestion/src/main/scala/fr/cytech/integration/Main.scala. Using presentation compiler with project's scala-library version: 3.3.7
2026.02.15 01:59:18 INFO  no build target found for /Users/mounir/Desktop/projet_big_data_cytech_25/ex02_data_ingestion/src/main/scala/fr/cytech/integration/Main.scala. Using presentation compiler with project's scala-library version: 3.3.7
2026.02.15 01:59:18 INFO  no build target found for /Users/mounir/Desktop/projet_big_data_cytech_25/ex02_data_ingestion/src/main/scala/fr/cytech/integration/Main.scala. Using presentation compiler with project's scala-library version: 3.3.7
2026.02.15 02:01:59 INFO  no build target found for /Users/mounir/Desktop/projet_big_data_cytech_25/ex02_data_ingestion/build.sbt. Using presentation compiler with project's scala-library version: 3.3.7
2026.02.15 02:01:59 INFO  no build target found for /Users/mounir/Desktop/projet_big_data_cytech_25/ex02_data_ingestion/build.sbt. Using presentation compiler with project's scala-library version: 3.3.7
2026.02.15 02:01:59 INFO  no build target found for /Users/mounir/Desktop/projet_big_data_cytech_25/ex02_data_ingestion/build.sbt. Using presentation compiler with project's scala-library version: 3.3.7
2026.02.15 02:01:59 INFO  no build target found for /Users/mounir/Desktop/projet_big_data_cytech_25/ex02_data_ingestion/build.sbt. Using presentation compiler with project's scala-library version: 3.3.7
2026.02.15 02:02:04 INFO  no build target found for /Users/mounir/Desktop/projet_big_data_cytech_25/ex02_data_ingestion/build.sbt. Using presentation compiler with project's scala-library version: 3.3.7
2026.02.15 02:02:08 INFO  no build target found for /Users/mounir/Desktop/projet_big_data_cytech_25/ex02_data_ingestion/build.sbt. Using presentation compiler with project's scala-library version: 3.3.7
2026.02.15 02:02:08 INFO  no build target found for /Users/mounir/Desktop/projet_big_data_cytech_25/ex02_data_ingestion/build.sbt. Using presentation compiler with project's scala-library version: 3.3.7
2026.02.15 02:02:16 INFO  no build target found for /Users/mounir/Desktop/projet_big_data_cytech_25/ex02_data_ingestion/build.sbt. Using presentation compiler with project's scala-library version: 3.3.7
2026.02.15 02:07:43 INFO  no build target found for /Users/mounir/Desktop/projet_big_data_cytech_25/ex02_data_ingestion/build.sbt. Using presentation compiler with project's scala-library version: 3.3.7
2026.02.15 02:07:44 WARN  no build target for: /Users/mounir/Desktop/projet_big_data_cytech_25/ex02_data_ingestion/src/main/scala/fr/cytech/integration/Main.scala
2026.02.15 02:07:43 INFO  no build target found for /Users/mounir/Desktop/projet_big_data_cytech_25/ex02_data_ingestion/src/main/scala/fr/cytech/integration/Main.scala. Using presentation compiler with project's scala-library version: 3.3.7
2026.02.15 02:07:44 INFO  no build target found for /Users/mounir/Desktop/projet_big_data_cytech_25/ex02_data_ingestion/src/main/scala/fr/cytech/integration/Main.scala. Using presentation compiler with project's scala-library version: 3.3.7
2026.02.15 02:07:43 INFO  no build target found for /Users/mounir/Desktop/projet_big_data_cytech_25/ex02_data_ingestion/src/main/scala/fr/cytech/integration/Main.scala. Using presentation compiler with project's scala-library version: 3.3.7
2026.02.15 02:07:45 INFO  no build target found for /Users/mounir/Desktop/projet_big_data_cytech_25/ex01_data_retrieval/src/main/scala/fr/cytech/integration/Main.scala. Using presentation compiler with project's scala-library version: 3.3.7
2026.02.15 02:07:45 INFO  no build target found for /Users/mounir/Desktop/projet_big_data_cytech_25/ex02_data_ingestion/src/main/scala/fr/cytech/integration/Main.scala. Using presentation compiler with project's scala-library version: 3.3.7
2026.02.15 02:07:47 INFO  no build target found for /Users/mounir/Desktop/projet_big_data_cytech_25/ex02_data_ingestion/src/main/scala/fr/cytech/integration/Main.scala. Using presentation compiler with project's scala-library version: 3.3.7
2026.02.15 02:07:48 INFO  no build target found for /Users/mounir/Desktop/projet_big_data_cytech_25/ex02_data_ingestion/src/main/scala/fr/cytech/integration/Main.scala. Using presentation compiler with project's scala-library version: 3.3.7
2026.02.15 02:07:48 INFO  no build target found for /Users/mounir/Desktop/projet_big_data_cytech_25/ex02_data_ingestion/src/main/scala/fr/cytech/integration/Main.scala. Using presentation compiler with project's scala-library version: 3.3.7
2026.02.15 02:07:49 INFO  no build target found for /Users/mounir/Desktop/projet_big_data_cytech_25/ex02_data_ingestion/src/main/scala/fr/cytech/integration/Main.scala. Using presentation compiler with project's scala-library version: 3.3.7
2026.02.15 02:07:49 INFO  no build target found for /Users/mounir/Desktop/projet_big_data_cytech_25/ex02_data_ingestion/src/main/scala/fr/cytech/integration/Main.scala. Using presentation compiler with project's scala-library version: 3.3.7
2026.02.15 02:07:48 INFO  no build target found for /Users/mounir/Desktop/projet_big_data_cytech_25/ex02_data_ingestion/src/main/scala/fr/cytech/integration/Main.scala. Using presentation compiler with project's scala-library version: 3.3.7
2026.02.15 02:07:49 INFO  Created report: Optional[file:///Users/mounir/Desktop/projet_big_data_cytech_25/ex02_data_ingestion/src/main/scala/fr/cytech/integration/Main.scala]
2026.02.15 02:07:49 INFO  empty definition using pc, found symbol in pc:  (full report at: "/Users/mounir/Desktop/projet_big_data_cytech_25/.metals/.reports/metals-full/2026-02-15/r_empty-definition_02-07-49-525.md")
2026.02.15 02:07:51 INFO  no build target found for /Users/mounir/Desktop/projet_big_data_cytech_25/ex02_data_ingestion/src/main/scala/fr/cytech/integration/Main.scala. Using presentation compiler with project's scala-library version: 3.3.7
2026.02.15 02:07:51 INFO  no build target found for /Users/mounir/Desktop/projet_big_data_cytech_25/ex02_data_ingestion/src/main/scala/fr/cytech/integration/Main.scala. Using presentation compiler with project's scala-library version: 3.3.7
2026.02.15 02:07:52 INFO  no build target found for /Users/mounir/Desktop/projet_big_data_cytech_25/ex02_data_ingestion/src/main/scala/fr/cytech/integration/Main.scala. Using presentation compiler with project's scala-library version: 3.3.7
2026.02.15 02:07:53 INFO  no build target found for /Users/mounir/Desktop/projet_big_data_cytech_25/ex02_data_ingestion/src/main/scala/fr/cytech/integration/Main.scala. Using presentation compiler with project's scala-library version: 3.3.7
2026.02.15 02:07:53 INFO  empty definition using pc, found symbol in pc:  (full report at: "/Users/mounir/Desktop/projet_big_data_cytech_25/.metals/.reports/metals-full/2026-02-15/r_empty-definition_02-07-49-525.md")
2026.02.15 02:07:56 INFO  no build target found for /Users/mounir/Desktop/projet_big_data_cytech_25/ex02_data_ingestion/src/main/scala/fr/cytech/integration/Main.scala. Using presentation compiler with project's scala-library version: 3.3.7
2026.02.15 02:07:57 INFO  no build target found for /Users/mounir/Desktop/projet_big_data_cytech_25/ex02_data_ingestion/src/main/scala/fr/cytech/integration/Main.scala. Using presentation compiler with project's scala-library version: 3.3.7
2026.02.15 02:08:03 INFO  no build target found for /Users/mounir/Desktop/projet_big_data_cytech_25/ex02_data_ingestion/src/main/scala/fr/cytech/integration/Main.scala. Using presentation compiler with project's scala-library version: 3.3.7
2026.02.15 02:08:03 INFO  no build target found for /Users/mounir/Desktop/projet_big_data_cytech_25/ex02_data_ingestion/src/main/scala/fr/cytech/integration/Main.scala. Using presentation compiler with project's scala-library version: 3.3.7
2026.02.15 02:08:05 INFO  no build target found for /Users/mounir/Desktop/projet_big_data_cytech_25/ex02_data_ingestion/src/main/scala/fr/cytech/integration/Main.scala. Using presentation compiler with project's scala-library version: 3.3.7
2026.02.15 02:08:07 INFO  no build target found for /Users/mounir/Desktop/projet_big_data_cytech_25/ex02_data_ingestion/src/main/scala/fr/cytech/integration/Main.scala. Using presentation compiler with project's scala-library version: 3.3.7
2026.02.15 02:08:09 INFO  no build target found for /Users/mounir/Desktop/projet_big_data_cytech_25/ex02_data_ingestion/src/main/scala/fr/cytech/integration/Main.scala. Using presentation compiler with project's scala-library version: 3.3.7
2026.02.15 02:08:09 INFO  no build target found for /Users/mounir/Desktop/projet_big_data_cytech_25/ex02_data_ingestion/src/main/scala/fr/cytech/integration/Main.scala. Using presentation compiler with project's scala-library version: 3.3.7
2026.02.15 02:08:11 INFO  no build target found for /Users/mounir/Desktop/projet_big_data_cytech_25/ex02_data_ingestion/src/main/scala/fr/cytech/integration/Main.scala. Using presentation compiler with project's scala-library version: 3.3.7
2026.02.15 02:08:13 INFO  no build target found for /Users/mounir/Desktop/projet_big_data_cytech_25/ex02_data_ingestion/src/main/scala/fr/cytech/integration/Main.scala. Using presentation compiler with project's scala-library version: 3.3.7
2026.02.15 02:08:13 INFO  no build target found for /Users/mounir/Desktop/projet_big_data_cytech_25/ex02_data_ingestion/src/main/scala/fr/cytech/integration/Main.scala. Using presentation compiler with project's scala-library version: 3.3.7
2026.02.15 02:08:13 INFO  no build target found for /Users/mounir/Desktop/projet_big_data_cytech_25/ex02_data_ingestion/src/main/scala/fr/cytech/integration/Main.scala. Using presentation compiler with project's scala-library version: 3.3.7
2026.02.15 02:08:13 INFO  no build target found for /Users/mounir/Desktop/projet_big_data_cytech_25/ex02_data_ingestion/src/main/scala/fr/cytech/integration/Main.scala. Using presentation compiler with project's scala-library version: 3.3.7
2026.02.15 02:08:13 INFO  no build target found for /Users/mounir/Desktop/projet_big_data_cytech_25/ex02_data_ingestion/src/main/scala/fr/cytech/integration/Main.scala. Using presentation compiler with project's scala-library version: 3.3.7
2026.02.15 02:08:13 INFO  no build target found for /Users/mounir/Desktop/projet_big_data_cytech_25/ex02_data_ingestion/src/main/scala/fr/cytech/integration/Main.scala. Using presentation compiler with project's scala-library version: 3.3.7
2026.02.15 02:08:13 INFO  no build target found for /Users/mounir/Desktop/projet_big_data_cytech_25/ex02_data_ingestion/src/main/scala/fr/cytech/integration/Main.scala. Using presentation compiler with project's scala-library version: 3.3.7
2026.02.15 02:08:13 INFO  no build target found for /Users/mounir/Desktop/projet_big_data_cytech_25/ex02_data_ingestion/src/main/scala/fr/cytech/integration/Main.scala. Using presentation compiler with project's scala-library version: 3.3.7
2026.02.15 02:08:13 INFO  no build target found for /Users/mounir/Desktop/projet_big_data_cytech_25/ex02_data_ingestion/src/main/scala/fr/cytech/integration/Main.scala. Using presentation compiler with project's scala-library version: 3.3.7
2026.02.15 02:08:13 WARN  no build target for: /Users/mounir/Desktop/projet_big_data_cytech_25/ex02_data_ingestion/src/main/scala/fr/cytech/integration/Main.scala
2026.02.15 02:08:13 INFO  no build target found for /Users/mounir/Desktop/projet_big_data_cytech_25/ex02_data_ingestion/src/main/scala/fr/cytech/integration/Main.scala. Using presentation compiler with project's scala-library version: 3.3.7
2026.02.15 02:08:15 INFO  no build target found for /Users/mounir/Desktop/projet_big_data_cytech_25/ex02_data_ingestion/src/main/scala/fr/cytech/integration/Main.scala. Using presentation compiler with project's scala-library version: 3.3.7
2026.02.15 02:08:17 INFO  no build target found for /Users/mounir/Desktop/projet_big_data_cytech_25/ex02_data_ingestion/src/main/scala/fr/cytech/integration/Main.scala. Using presentation compiler with project's scala-library version: 3.3.7
2026.02.15 02:08:17 INFO  no build target found for /Users/mounir/Desktop/projet_big_data_cytech_25/ex02_data_ingestion/src/main/scala/fr/cytech/integration/Main.scala. Using presentation compiler with project's scala-library version: 3.3.7
2026.02.15 02:08:17 INFO  no build target found for /Users/mounir/Desktop/projet_big_data_cytech_25/ex02_data_ingestion/src/main/scala/fr/cytech/integration/Main.scala. Using presentation compiler with project's scala-library version: 3.3.7
2026.02.15 02:08:17 INFO  no build target found for /Users/mounir/Desktop/projet_big_data_cytech_25/ex02_data_ingestion/src/main/scala/fr/cytech/integration/Main.scala. Using presentation compiler with project's scala-library version: 3.3.7
2026.02.15 02:08:17 INFO  no build target found for /Users/mounir/Desktop/projet_big_data_cytech_25/ex02_data_ingestion/src/main/scala/fr/cytech/integration/Main.scala. Using presentation compiler with project's scala-library version: 3.3.7
2026.02.15 02:08:19 INFO  no build target found for /Users/mounir/Desktop/projet_big_data_cytech_25/ex02_data_ingestion/src/main/scala/fr/cytech/integration/Main.scala. Using presentation compiler with project's scala-library version: 3.3.7
2026.02.15 02:08:19 INFO  no build target found for /Users/mounir/Desktop/projet_big_data_cytech_25/ex02_data_ingestion/src/main/scala/fr/cytech/integration/Main.scala. Using presentation compiler with project's scala-library version: 3.3.7
2026.02.15 02:08:20 INFO  no build target found for /Users/mounir/Desktop/projet_big_data_cytech_25/ex02_data_ingestion/src/main/scala/fr/cytech/integration/Main.scala. Using presentation compiler with project's scala-library version: 3.3.7
2026.02.15 02:08:20 INFO  no build target found for /Users/mounir/Desktop/projet_big_data_cytech_25/ex02_data_ingestion/src/main/scala/fr/cytech/integration/Main.scala. Using presentation compiler with project's scala-library version: 3.3.7
2026.02.15 02:08:20 INFO  no build target found for /Users/mounir/Desktop/projet_big_data_cytech_25/ex02_data_ingestion/src/main/scala/fr/cytech/integration/Main.scala. Using presentation compiler with project's scala-library version: 3.3.7
2026.02.15 02:08:20 INFO  no build target found for /Users/mounir/Desktop/projet_big_data_cytech_25/ex02_data_ingestion/src/main/scala/fr/cytech/integration/Main.scala. Using presentation compiler with project's scala-library version: 3.3.7
2026.02.15 02:08:20 INFO  no build target found for /Users/mounir/Desktop/projet_big_data_cytech_25/ex02_data_ingestion/src/main/scala/fr/cytech/integration/Main.scala. Using presentation compiler with project's scala-library version: 3.3.7
2026.02.15 02:08:20 INFO  no build target found for /Users/mounir/Desktop/projet_big_data_cytech_25/ex02_data_ingestion/src/main/scala/fr/cytech/integration/Main.scala. Using presentation compiler with project's scala-library version: 3.3.7
2026.02.15 02:08:20 INFO  no build target found for /Users/mounir/Desktop/projet_big_data_cytech_25/ex02_data_ingestion/src/main/scala/fr/cytech/integration/Main.scala. Using presentation compiler with project's scala-library version: 3.3.7
2026.02.15 02:08:20 INFO  no build target found for /Users/mounir/Desktop/projet_big_data_cytech_25/ex02_data_ingestion/src/main/scala/fr/cytech/integration/Main.scala. Using presentation compiler with project's scala-library version: 3.3.7
2026.02.15 02:08:20 WARN  no build target for: /Users/mounir/Desktop/projet_big_data_cytech_25/ex02_data_ingestion/src/main/scala/fr/cytech/integration/Main.scala
2026.02.15 02:08:20 INFO  no build target found for /Users/mounir/Desktop/projet_big_data_cytech_25/ex02_data_ingestion/src/main/scala/fr/cytech/integration/Main.scala. Using presentation compiler with project's scala-library version: 3.3.7
2026.02.15 02:08:20 INFO  no build target found for /Users/mounir/Desktop/projet_big_data_cytech_25/ex02_data_ingestion/src/main/scala/fr/cytech/integration/Main.scala. Using presentation compiler with project's scala-library version: 3.3.7
2026.02.15 02:08:21 INFO  no build target found for /Users/mounir/Desktop/projet_big_data_cytech_25/ex02_data_ingestion/src/main/scala/fr/cytech/integration/Main.scala. Using presentation compiler with project's scala-library version: 3.3.7
2026.02.15 02:08:28 INFO  no build target found for /Users/mounir/Desktop/projet_big_data_cytech_25/ex02_data_ingestion/src/main/scala/fr/cytech/integration/Main.scala. Using presentation compiler with project's scala-library version: 3.3.7
2026.02.15 02:09:46 INFO  no build target found for /Users/mounir/Desktop/projet_big_data_cytech_25/ex02_data_ingestion/src/main/scala/fr/cytech/integration/Main.scala. Using presentation compiler with project's scala-library version: 3.3.7
2026.02.15 02:38:11 WARN  no build target for: /Users/mounir/Desktop/projet_big_data_cytech_25/ex02_data_ingestion/build.sbt
2026.02.15 02:38:11 INFO  no build target found for /Users/mounir/Desktop/projet_big_data_cytech_25/ex02_data_ingestion/build.sbt. Using presentation compiler with project's scala-library version: 3.3.7
2026.02.15 02:38:11 INFO  no build target found for /Users/mounir/Desktop/projet_big_data_cytech_25/ex02_data_ingestion/build.sbt. Using presentation compiler with project's scala-library version: 3.3.7
2026.02.15 02:38:11 INFO  no build target found for /Users/mounir/Desktop/projet_big_data_cytech_25/ex02_data_ingestion/build.sbt. Using presentation compiler with project's scala-library version: 3.3.7
2026.02.15 02:38:11 INFO  no build target found for /Users/mounir/Desktop/projet_big_data_cytech_25/ex02_data_ingestion/build.sbt. Using presentation compiler with project's scala-library version: 3.3.7
2026.02.15 02:38:13 WARN  no build target for: /Users/mounir/Desktop/projet_big_data_cytech_25/ex02_data_ingestion/src/main/scala/fr/cytech/integration/Main.scala
2026.02.15 02:38:13 INFO  no build target found for /Users/mounir/Desktop/projet_big_data_cytech_25/ex02_data_ingestion/src/main/scala/fr/cytech/integration/Main.scala. Using presentation compiler with project's scala-library version: 3.3.7
2026.02.15 02:38:13 INFO  no build target found for /Users/mounir/Desktop/projet_big_data_cytech_25/ex02_data_ingestion/src/main/scala/fr/cytech/integration/Main.scala. Using presentation compiler with project's scala-library version: 3.3.7
2026.02.15 02:38:13 INFO  no build target found for /Users/mounir/Desktop/projet_big_data_cytech_25/ex02_data_ingestion/src/main/scala/fr/cytech/integration/Main.scala. Using presentation compiler with project's scala-library version: 3.3.7
2026.02.15 02:38:14 INFO  no build target found for /Users/mounir/Desktop/projet_big_data_cytech_25/ex02_data_ingestion/src/main/scala/fr/cytech/integration/Main.scala. Using presentation compiler with project's scala-library version: 3.3.7
